# JRE version: OpenJDK Runtime Environment (11.0.10) (build 11.0.10+0-b96-7249189)
# Java VM: OpenJDK 64-Bit Server VM (11.0.10+0-b96-7249189, mixed mode, tiered, compressed oops, g1 gc, windows-amd64)
Heap:
 garbage-first heap   total 672768K, used 118385K [0x0000000080000000, 0x0000000100000000)
  region size 1024K, 3 young (3072K), 3 survivors (3072K)
 Metaspace       used 104944K, capacity 107592K, committed 108544K, reserved 1144832K
  class space    used 12461K, capacity 13283K, committed 13568K, reserved 1048576K
GC Heap History (20 events):
Event: 6508.150 GC heap after
{Heap after GC invocations=81 (full 0):
 garbage-first heap   total 157696K, used 114084K [0x0000000080000000, 0x0000000100000000)
  region size 1024K, 2 young (2048K), 2 survivors (2048K)
 Metaspace       used 105147K, capacity 108031K, committed 108288K, reserved 1144832K
  class space    used 12608K, capacity 13546K, committed 13568K, reserved 1048576K
}
Event: 6508.183 GC heap before
{Heap before GC invocations=81 (full 0):
 garbage-first heap   total 157696K, used 130468K [0x0000000080000000, 0x0000000100000000)
  region size 1024K, 20 young (20480K), 2 survivors (2048K)
 Metaspace       used 105204K, capacity 108104K, committed 108288K, reserved 1144832K
  class space    used 12609K, capacity 13548K, committed 13568K, reserved 1048576K
}
Event: 6508.184 GC heap after
{Heap after GC invocations=82 (full 0):
 garbage-first heap   total 157696K, used 114521K [0x0000000080000000, 0x0000000100000000)
  region size 1024K, 2 young (2048K), 2 survivors (2048K)
 Metaspace       used 105204K, capacity 108104K, committed 108288K, reserved 1144832K
  class space    used 12609K, capacity 13548K, committed 13568K, reserved 1048576K
}
Event: 6508.222 GC heap before
{Heap before GC invocations=82 (full 0):
 garbage-first heap   total 157696K, used 132953K [0x0000000080000000, 0x0000000100000000)
  region size 1024K, 20 young (20480K), 2 survivors (2048K)
 Metaspace       used 105222K, capacity 108104K, committed 108288K, reserved 1144832K
  class space    used 12609K, capacity 13548K, committed 13568K, reserved 1048576K
}
Event: 6508.223 GC heap after
{Heap after GC invocations=83 (full 0):
 garbage-first heap   total 157696K, used 114858K [0x0000000080000000, 0x0000000100000000)
  region size 1024K, 2 young (2048K), 2 survivors (2048K)
 Metaspace       used 105222K, capacity 108104K, committed 108288K, reserved 1144832K
  class space    used 12609K, capacity 13548K, committed 13568K, reserved 1048576K
}
Event: 6508.265 GC heap before
{Heap before GC invocations=83 (full 0):
 garbage-first heap   total 157696K, used 134314K [0x0000000080000000, 0x0000000100000000)
  region size 1024K, 21 young (21504K), 2 survivors (2048K)
 Metaspace       used 104743K, capacity 107299K, committed 108288K, reserved 1144832K
  class space    used 12458K, capacity 13277K, committed 13568K, reserved 1048576K
}
Event: 6508.266 GC heap after
{Heap after GC invocations=84 (full 0):
 garbage-first heap   total 157696K, used 115246K [0x0000000080000000, 0x0000000100000000)
  region size 1024K, 2 young (2048K), 2 survivors (2048K)
 Metaspace       used 104743K, capacity 107299K, committed 108288K, reserved 1144832K
  class space    used 12458K, capacity 13277K, committed 13568K, reserved 1048576K
}
Event: 6508.301 GC heap before
{Heap before GC invocations=85 (full 0):
 garbage-first heap   total 157696K, used 133678K [0x0000000080000000, 0x0000000100000000)
  region size 1024K, 21 young (21504K), 2 survivors (2048K)
 Metaspace       used 104772K, capacity 107299K, committed 108288K, reserved 1144832K
  class space    used 12458K, capacity 13277K, committed 13568K, reserved 1048576K
}
Event: 6508.302 GC heap after
{Heap after GC invocations=86 (full 0):
 garbage-first heap   total 157696K, used 115331K [0x0000000080000000, 0x0000000100000000)
  region size 1024K, 2 young (2048K), 2 survivors (2048K)
 Metaspace       used 104772K, capacity 107299K, committed 108288K, reserved 1144832K
  class space    used 12458K, capacity 13277K, committed 13568K, reserved 1048576K
}
Event: 6508.311 GC heap before
{Heap before GC invocations=86 (full 0):
 garbage-first heap   total 157696K, used 120451K [0x0000000080000000, 0x0000000100000000)
  region size 1024K, 7 young (7168K), 2 survivors (2048K)
 Metaspace       used 104778K, capacity 107363K, committed 108288K, reserved 1144832K
  class space    used 12458K, capacity 13277K, committed 13568K, reserved 1048576K
}
Event: 6508.314 GC heap after
{Heap after GC invocations=87 (full 0):
 garbage-first heap   total 157696K, used 113575K [0x0000000080000000, 0x0000000100000000)
  region size 1024K, 1 young (1024K), 1 survivors (1024K)
 Metaspace       used 104778K, capacity 107363K, committed 108288K, reserved 1144832K
  class space    used 12458K, capacity 13277K, committed 13568K, reserved 1048576K
}
Event: 6508.355 GC heap before
{Heap before GC invocations=87 (full 0):
 garbage-first heap   total 157696K, used 134055K [0x0000000080000000, 0x0000000100000000)
  region size 1024K, 21 young (21504K), 1 survivors (1024K)
 Metaspace       used 104792K, capacity 107427K, committed 108288K, reserved 1144832K
  class space    used 12458K, capacity 13277K, committed 13568K, reserved 1048576K
}
Event: 6508.441 GC heap after
{Heap after GC invocations=88 (full 0):
 garbage-first heap   total 224256K, used 113728K [0x0000000080000000, 0x0000000100000000)
  region size 1024K, 1 young (1024K), 1 survivors (1024K)
 Metaspace       used 104792K, capacity 107427K, committed 108288K, reserved 1144832K
  class space    used 12458K, capacity 13277K, committed 13568K, reserved 1048576K
}
Event: 6508.941 GC heap before
{Heap before GC invocations=89 (full 0):
 garbage-first heap   total 224256K, used 163904K [0x0000000080000000, 0x0000000100000000)
  region size 1024K, 52 young (53248K), 1 survivors (1024K)
 Metaspace       used 104848K, capacity 107492K, committed 108544K, reserved 1144832K
  class space    used 12458K, capacity 13277K, committed 13568K, reserved 1048576K
}
Event: 6509.008 GC heap after
{Heap after GC invocations=90 (full 0):
 garbage-first heap   total 224256K, used 113422K [0x0000000080000000, 0x0000000100000000)
  region size 1024K, 2 young (2048K), 2 survivors (2048K)
 Metaspace       used 104848K, capacity 107492K, committed 108544K, reserved 1144832K
  class space    used 12458K, capacity 13277K, committed 13568K, reserved 1048576K
}
Event: 6509.233 GC heap before
{Heap before GC invocations=90 (full 0):
 garbage-first heap   total 224256K, used 167694K [0x0000000080000000, 0x0000000100000000)
  region size 1024K, 56 young (57344K), 2 survivors (2048K)
 Metaspace       used 104868K, capacity 107504K, committed 108544K, reserved 1144832K
  class space    used 12459K, capacity 13279K, committed 13568K, reserved 1048576K
}
Event: 6509.255 GC heap after
{Heap after GC invocations=91 (full 0):
 garbage-first heap   total 224256K, used 117054K [0x0000000080000000, 0x0000000100000000)
  region size 1024K, 5 young (5120K), 5 survivors (5120K)
 Metaspace       used 104868K, capacity 107504K, committed 108544K, reserved 1144832K
  class space    used 12459K, capacity 13279K, committed 13568K, reserved 1048576K
}
Event: 6509.687 GC heap before
{Heap before GC invocations=91 (full 0):
 garbage-first heap   total 224256K, used 176446K [0x0000000080000000, 0x0000000100000000)
  region size 1024K, 60 young (61440K), 5 survivors (5120K)
 Metaspace       used 104899K, capacity 107528K, committed 108544K, reserved 1144832K
  class space    used 12461K, capacity 13283K, committed 13568K, reserved 1048576K
}
Event: 6509.690 GC heap after
{Heap after GC invocations=92 (full 0):
 garbage-first heap   total 224256K, used 118412K [0x0000000080000000, 0x0000000100000000)
  region size 1024K, 5 young (5120K), 5 survivors (5120K)
 Metaspace       used 104899K, capacity 107528K, committed 108544K, reserved 1144832K
  class space    used 12461K, capacity 13283K, committed 13568K, reserved 1048576K
}
Event: 6509.808 GC heap before
{Heap before GC invocations=93 (full 0):
 garbage-first heap   total 224256K, used 175756K [0x0000000080000000, 0x0000000100000000)
  region size 1024K, 61 young (62464K), 5 survivors (5120K)
 Metaspace       used 104944K, capacity 107592K, committed 108544K, reserved 1144832K
  class space    used 12461K, capacity 13283K, committed 13568K, reserved 1048576K
}

